TN:
SF:/home/conor/cache-contract/contracts/CacheGold.sol
FN:126,constructor
FN:147,onlyEnforcer
FN:157,transfer
FN:180,approve
FN:197,transferFrom
FN:214,increaseAllowance
FN:230,decreaseAllowance
FN:246,addBackedTokens
FN:285,payStorageFee
FN:291,setAccountInactive
FN:307,forcePayFees
FN:336,setFeeEnforcer
FN:347,setFeeAddress
FN:361,setRedeemAddress
FN:375,setBackedAddress
FN:389,setUnbackedAddress
FN:407,setOracleAddress
FN:419,setStorageFeeGracePeriodDays
FN:428,setFeeExempt
FN:436,unsetFeeExempt
FN:444,setTransferFeeBasisPoints
FN:457,balanceOf
FN:468,balanceOfNoFees
FN:478,totalSupply
FN:488,allowance
FN:495,feeEnforcer
FN:502,feeAddress
FN:509,redeemAddress
FN:516,backedTreasury
FN:523,unbackedTreasury
FN:530,oracleAddress
FN:538,storageFeeGracePeriodDays
FN:545,transferFeeBasisPoints
FN:556,simulateTransfer
FN:565,isFeeExempt
FN:575,isInactive
FN:584,totalCirculation
FN:593,daysSincePaidStorageFee
FN:606,daysSinceActivity
FN:618,calcOwedFees
FN:627,calcStorageFee
FN:674,calcInactiveFee
FN:703,calcSendAllBalance
FN:743,transferFee
FN:761,storageFee
FN:775,_approve
FN:792,_transfer
FN:877,_mint
FN:897,_payStorageFee
FN:917,_payInactiveFee
FN:935,_shouldMarkInactive
FN:960,_setInactive
FN:996,_updateActivity
FN:1026,_endGracePeriod
FN:1037,_transferRestrictions
FN:1079,_simulateTransfer
FN:1111,_calcInactiveFeePerYear
FN:1128,_inactiveFee
FNF:58
FNH:58
FNDA:39,constructor
FNDA:47,onlyEnforcer
FNDA:504,transfer
FNDA:629,approve
FNDA:3,transferFrom
FNDA:3,increaseAllowance
FNDA:3,decreaseAllowance
FNDA:51,addBackedTokens
FNDA:14,payStorageFee
FNDA:7,setAccountInactive
FNDA:32,forcePayFees
FNDA:3,setFeeEnforcer
FNDA:5,setFeeAddress
FNDA:5,setRedeemAddress
FNDA:5,setBackedAddress
FNDA:9,setUnbackedAddress
FNDA:3,setOracleAddress
FNDA:3,setStorageFeeGracePeriodDays
FNDA:2,setFeeExempt
FNDA:1,unsetFeeExempt
FNDA:192,setTransferFeeBasisPoints
FNDA:183,balanceOf
FNDA:499,balanceOfNoFees
FNDA:11,totalSupply
FNDA:3,allowance
FNDA:1,feeEnforcer
FNDA:2,feeAddress
FNDA:2,redeemAddress
FNDA:2,backedTreasury
FNDA:4,unbackedTreasury
FNDA:1,oracleAddress
FNDA:3,storageFeeGracePeriodDays
FNDA:1,transferFeeBasisPoints
FNDA:39,simulateTransfer
FNDA:3004,isFeeExempt
FNDA:4726,isInactive
FNDA:59,totalCirculation
FNDA:956,daysSincePaidStorageFee
FNDA:3309,daysSinceActivity
FNDA:454,calcOwedFees
FNDA:1811,calcStorageFee
FNDA:472,calcInactiveFee
FNDA:381,calcSendAllBalance
FNDA:534,transferFee
FNDA:930,storageFee
FNDA:634,_approve
FNDA:509,_transfer
FNDA:42,_mint
FNDA:22,_payStorageFee
FNDA:50,_payInactiveFee
FNDA:2150,_shouldMarkInactive
FNDA:54,_setInactive
FNDA:1156,_updateActivity
FNDA:293,_endGracePeriod
FNDA:509,_transferRestrictions
FNDA:39,_simulateTransfer
FNDA:105,_calcInactiveFeePerYear
FNDA:162,_inactiveFee
DA:131,39
DA:132,39
DA:133,39
DA:134,39
DA:135,39
DA:136,39
DA:137,39
DA:138,39
DA:139,39
DA:140,39
DA:141,39
DA:148,47
DA:149,39
DA:159,504
DA:163,504
DA:164,7
DA:167,504
DA:168,484
DA:181,629
DA:182,629
DA:183,627
DA:198,3
DA:199,3
DA:200,3
DA:201,1
DA:215,3
DA:216,3
DA:217,1
DA:231,3
DA:232,3
DA:233,1
DA:248,51
DA:252,51
DA:256,51
DA:261,43
DA:262,1
DA:264,42
DA:267,1
DA:271,42
DA:273,37
DA:274,37
DA:286,14
DA:287,14
DA:288,14
DA:292,7
DA:293,1
DA:308,32
DA:309,28
DA:313,24
DA:314,6
DA:315,6
DA:320,8
DA:324,10
DA:326,8
DA:327,8
DA:337,3
DA:338,1
DA:339,1
DA:348,5
DA:349,3
DA:351,1
DA:352,1
DA:353,1
DA:362,5
DA:363,3
DA:365,1
DA:366,1
DA:367,1
DA:376,5
DA:377,3
DA:379,1
DA:380,1
DA:381,1
DA:390,9
DA:391,7
DA:393,5
DA:395,3
DA:397,1
DA:398,1
DA:399,1
DA:408,3
DA:409,1
DA:410,1
DA:420,3
DA:429,2
DA:437,1
DA:445,192
DA:447,190
DA:458,183
DA:469,499
DA:479,11
DA:489,3
DA:496,1
DA:503,2
DA:510,2
DA:517,2
DA:524,4
DA:531,1
DA:539,3
DA:546,1
DA:557,39
DA:566,3004
DA:576,4726
DA:585,59
DA:594,956
DA:595,1
DA:597,955
DA:607,3309
DA:608,33
DA:610,3276
DA:619,454
DA:631,1811
DA:632,1811
DA:633,868
DA:636,943
DA:637,943
DA:638,943
DA:641,943
DA:642,7
DA:643,5
DA:645,2
DA:649,943
DA:650,120
DA:657,823
DA:662,279
DA:666,823
DA:675,472
DA:676,472
DA:679,472
DA:680,7
DA:687,51
DA:688,51
DA:693,414
DA:704,381
DA:707,380
DA:708,3
DA:711,377
DA:712,377
DA:713,1
DA:717,376
DA:718,182
DA:724,194
DA:725,194
DA:728,194
DA:731,194
DA:732,1
DA:735,193
DA:744,534
DA:745,240
DA:751,294
DA:762,930
DA:763,930
DA:764,6
DA:766,924
DA:776,634
DA:777,630
DA:779,630
DA:780,630
DA:794,509
DA:799,493
DA:800,493
DA:801,493
DA:802,493
DA:803,493
DA:806,493
DA:808,491
DA:809,491
DA:810,491
DA:811,487
DA:812,487
DA:816,2
DA:817,2
DA:821,489
DA:824,489
DA:825,234
DA:826,234
DA:827,190
DA:828,190
DA:834,489
DA:837,61
DA:838,61
DA:839,61
DA:843,489
DA:844,30
DA:845,30
DA:846,30
DA:860,260
DA:865,489
DA:866,8
DA:880,42
DA:883,36
DA:886,36
DA:887,36
DA:888,36
DA:889,36
DA:898,22
DA:899,22
DA:900,2
DA:904,20
DA:905,20
DA:906,20
DA:907,20
DA:908,20
DA:909,20
DA:918,50
DA:924,50
DA:925,45
DA:928,5
DA:929,5
DA:930,5
DA:931,5
DA:932,5
DA:943,2150
DA:949,105
DA:951,2045
DA:963,54
DA:964,54
DA:968,54
DA:971,54
DA:972,54
DA:973,54
DA:976,54
DA:977,54
DA:978,54
DA:979,54
DA:980,54
DA:983,54
DA:984,53
DA:985,53
DA:1003,1156
DA:1005,38
DA:1009,1156
DA:1010,44
DA:1011,44
DA:1012,44
DA:1013,44
DA:1018,1156
DA:1027,293
DA:1028,1
DA:1038,509
DA:1039,509
DA:1040,507
DA:1043,505
DA:1044,6
DA:1049,503
DA:1050,4
DA:1056,501
DA:1057,12
DA:1062,497
DA:1063,9
DA:1080,39
DA:1087,39
DA:1088,39
DA:1089,39
DA:1092,39
DA:1093,38
DA:1094,38
DA:1095,38
DA:1096,37
DA:1098,1
DA:1099,1
DA:1101,38
DA:1112,105
DA:1113,105
DA:1114,43
DA:1117,62
DA:1132,162
DA:1133,162
DA:1137,162
DA:1138,12
DA:1140,150
LF:271
LH:271
BRDA:148,1,0,39
BRDA:148,1,1,8
BRDA:163,2,0,7
BRDA:163,2,1,497
BRDA:256,3,0,43
BRDA:256,3,1,8
BRDA:261,4,0,1
BRDA:261,4,1,42
BRDA:264,5,0,1
BRDA:264,5,1,41
BRDA:292,6,0,1
BRDA:292,6,1,6
BRDA:308,7,0,28
BRDA:308,7,1,4
BRDA:309,8,0,24
BRDA:309,8,1,4
BRDA:313,9,0,6
BRDA:313,9,1,18
BRDA:315,10,0,4
BRDA:315,10,1,2
BRDA:316,11,0,8
BRDA:316,11,1,10
BRDA:324,12,0,8
BRDA:324,12,1,2
BRDA:327,13,0,6
BRDA:327,13,1,2
BRDA:337,14,0,1
BRDA:337,14,1,2
BRDA:348,15,0,3
BRDA:348,15,1,2
BRDA:349,16,0,1
BRDA:349,16,1,2
BRDA:362,17,0,3
BRDA:362,17,1,2
BRDA:363,18,0,1
BRDA:363,18,1,2
BRDA:376,19,0,3
BRDA:376,19,1,2
BRDA:377,20,0,1
BRDA:377,20,1,2
BRDA:390,21,0,7
BRDA:390,21,1,2
BRDA:391,22,0,5
BRDA:391,22,1,2
BRDA:393,23,0,3
BRDA:393,23,1,2
BRDA:395,24,0,1
BRDA:395,24,1,2
BRDA:408,25,0,1
BRDA:408,25,1,2
BRDA:445,26,0,190
BRDA:445,26,1,2
BRDA:594,27,0,1
BRDA:594,27,1,955
BRDA:607,28,0,33
BRDA:607,28,1,3276
BRDA:632,29,0,868
BRDA:632,29,1,943
BRDA:641,30,0,7
BRDA:641,30,1,936
BRDA:642,31,0,5
BRDA:642,31,1,2
BRDA:649,32,0,120
BRDA:649,32,1,823
BRDA:657,33,0,279
BRDA:657,33,1,544
BRDA:679,34,0,7
BRDA:679,34,1,465
BRDA:684,35,0,51
BRDA:684,35,1,414
BRDA:704,36,0,380
BRDA:704,36,1,1
BRDA:707,37,0,3
BRDA:707,37,1,377
BRDA:712,38,0,1
BRDA:712,38,1,376
BRDA:717,39,0,182
BRDA:717,39,1,194
BRDA:731,40,0,1
BRDA:731,40,1,193
BRDA:744,41,0,240
BRDA:744,41,1,294
BRDA:763,42,0,6
BRDA:763,42,1,924
BRDA:776,43,0,630
BRDA:776,43,1,4
BRDA:777,44,0,630
BRDA:777,44,1,0
BRDA:806,45,0,491
BRDA:806,45,1,2
BRDA:824,46,0,234
BRDA:824,46,1,255
BRDA:826,47,0,190
BRDA:826,47,1,44
BRDA:834,48,0,61
BRDA:834,48,1,428
BRDA:843,49,0,30
BRDA:843,49,1,459
BRDA:847,50,0,260
BRDA:847,50,1,199
BRDA:865,51,0,8
BRDA:865,51,1,481
BRDA:880,52,0,36
BRDA:880,52,1,6
BRDA:883,53,0,36
BRDA:883,53,1,0
BRDA:899,54,0,2
BRDA:899,54,1,20
BRDA:924,55,0,45
BRDA:924,55,1,5
BRDA:943,56,0,105
BRDA:943,56,1,2045
BRDA:968,57,0,54
BRDA:968,57,1,0
BRDA:983,58,0,53
BRDA:983,58,1,1
BRDA:1003,59,0,38
BRDA:1003,59,1,1118
BRDA:1009,60,0,44
BRDA:1009,60,1,1112
BRDA:1027,61,0,1
BRDA:1027,61,1,292
BRDA:1038,62,0,509
BRDA:1038,62,1,0
BRDA:1039,63,0,507
BRDA:1039,63,1,2
BRDA:1040,64,0,505
BRDA:1040,64,1,2
BRDA:1043,65,0,6
BRDA:1043,65,1,499
BRDA:1044,66,0,4
BRDA:1044,66,1,2
BRDA:1049,67,0,4
BRDA:1049,67,1,499
BRDA:1050,68,0,2
BRDA:1050,68,1,2
BRDA:1056,69,0,12
BRDA:1056,69,1,489
BRDA:1057,70,0,8
BRDA:1057,70,1,4
BRDA:1062,71,0,9
BRDA:1062,71,1,488
BRDA:1063,72,0,5
BRDA:1063,72,1,4
BRDA:1092,73,0,38
BRDA:1092,73,1,1
BRDA:1113,74,0,43
BRDA:1113,74,1,62
BRDA:1137,75,0,12
BRDA:1137,75,1,150
BRF:150
BRH:146
end_of_record
TN:
SF:/home/conor/cache-contract/contracts/LockedGoldOracle.sol
FN:20,setCacheContract
FN:24,lockAmount
FN:32,unlockAmount
FN:38,lockedGold
FN:42,cacheContract
FNF:5
FNH:5
FNDA:38,setCacheContract
FNDA:39,lockAmount
FNDA:8,unlockAmount
FNDA:57,lockedGold
FNDA:1,cacheContract
DA:21,38
DA:25,39
DA:26,39
DA:33,8
DA:34,6
DA:35,4
DA:39,57
DA:43,1
LF:8
LH:8
BRDA:34,1,0,4
BRDA:34,1,1,2
BRF:2
BRH:2
end_of_record
