TN:
SF:/home/conor/cache-contract/contracts/CacheGold.sol
FN:148,constructor
FN:169,onlyEnforcer
FN:179,transfer
FN:202,approve
FN:219,transferFrom
FN:236,increaseAllowance
FN:252,decreaseAllowance
FN:268,addBackedTokens
FN:307,payStorageFee
FN:313,setAccountInactive
FN:329,forcePayFees
FN:358,setFeeEnforcer
FN:370,setFeeAddress
FN:384,setRedeemAddress
FN:398,setBackedAddress
FN:412,setUnbackedAddress
FN:430,setOracleAddress
FN:442,setStorageFeeGracePeriodDays
FN:451,setTransferFeeExempt
FN:460,setStorageFeeExempt
FN:468,unsetFeeExempt
FN:477,setTransferFeeBasisPoints
FN:490,balanceOf
FN:501,balanceOfNoFees
FN:511,totalSupply
FN:521,allowance
FN:528,feeEnforcer
FN:535,feeAddress
FN:542,redeemAddress
FN:549,backedTreasury
FN:556,unbackedTreasury
FN:563,oracleAddress
FN:571,storageFeeGracePeriodDays
FN:578,transferFeeBasisPoints
FN:589,simulateTransfer
FN:598,setFeeExempt
FN:608,isStorageFeeExempt
FN:617,isTransferFeeExempt
FN:626,isAllFeeExempt
FN:636,isInactive
FN:645,totalCirculation
FN:654,daysSincePaidStorageFee
FN:667,daysSinceActivity
FN:679,calcOwedFees
FN:688,calcStorageFee
FN:735,calcInactiveFee
FN:764,calcSendAllBalance
FN:800,calcTransferFee
FN:818,storageFee
FN:832,_approve
FN:849,_transfer
FN:934,_mint
FN:954,_payStorageFee
FN:974,_payInactiveFee
FN:992,_shouldMarkInactive
FN:1017,_setInactive
FN:1056,_updateActivity
FN:1086,_endGracePeriod
FN:1097,_transferRestrictions
FN:1139,_simulateTransfer
FN:1171,_calcInactiveFeePerYear
FN:1187,_calcInactiveFee
FNF:62
FNH:62
FNDA:40,constructor
FNDA:47,onlyEnforcer
FNDA:507,transfer
FNDA:629,approve
FNDA:3,transferFrom
FNDA:3,increaseAllowance
FNDA:3,decreaseAllowance
FNDA:52,addBackedTokens
FNDA:14,payStorageFee
FNDA:7,setAccountInactive
FNDA:32,forcePayFees
FNDA:3,setFeeEnforcer
FNDA:5,setFeeAddress
FNDA:5,setRedeemAddress
FNDA:5,setBackedAddress
FNDA:9,setUnbackedAddress
FNDA:3,setOracleAddress
FNDA:3,setStorageFeeGracePeriodDays
FNDA:1,setTransferFeeExempt
FNDA:1,setStorageFeeExempt
FNDA:2,unsetFeeExempt
FNDA:192,setTransferFeeBasisPoints
FNDA:186,balanceOf
FNDA:500,balanceOfNoFees
FNDA:11,totalSupply
FNDA:3,allowance
FNDA:1,feeEnforcer
FNDA:2,feeAddress
FNDA:2,redeemAddress
FNDA:2,backedTreasury
FNDA:4,unbackedTreasury
FNDA:1,oracleAddress
FNDA:3,storageFeeGracePeriodDays
FNDA:1,transferFeeBasisPoints
FNDA:39,simulateTransfer
FNDA:207,setFeeExempt
FNDA:1817,isStorageFeeExempt
FNDA:924,isTransferFeeExempt
FNDA:298,isAllFeeExempt
FNDA:4754,isInactive
FNDA:60,totalCirculation
FNDA:961,daysSincePaidStorageFee
FNDA:3330,daysSinceActivity
FNDA:460,calcOwedFees
FNDA:1825,calcStorageFee
FNDA:478,calcInactiveFee
FNDA:384,calcSendAllBalance
FNDA:538,calcTransferFee
FNDA:934,storageFee
FNDA:634,_approve
FNDA:512,_transfer
FNDA:43,_mint
FNDA:22,_payStorageFee
FNDA:50,_payInactiveFee
FNDA:2162,_shouldMarkInactive
FNDA:54,_setInactive
FNDA:1159,_updateActivity
FNDA:295,_endGracePeriod
FNDA:512,_transferRestrictions
FNDA:39,_simulateTransfer
FNDA:105,_calcInactiveFeePerYear
FNDA:162,_calcInactiveFee
DA:153,40
DA:154,40
DA:155,40
DA:156,40
DA:157,40
DA:158,40
DA:159,40
DA:160,40
DA:161,40
DA:162,40
DA:163,40
DA:170,47
DA:171,39
DA:181,507
DA:185,507
DA:186,7
DA:189,507
DA:190,487
DA:203,629
DA:204,629
DA:205,627
DA:220,3
DA:221,3
DA:222,3
DA:223,1
DA:237,3
DA:238,3
DA:239,1
DA:253,3
DA:254,3
DA:255,1
DA:270,52
DA:274,52
DA:278,52
DA:283,44
DA:284,1
DA:286,43
DA:289,1
DA:293,43
DA:295,38
DA:296,38
DA:308,14
DA:309,14
DA:310,14
DA:314,7
DA:315,1
DA:330,32
DA:331,28
DA:335,24
DA:336,6
DA:337,6
DA:342,8
DA:346,10
DA:348,8
DA:349,8
DA:359,3
DA:360,1
DA:361,1
DA:362,1
DA:371,5
DA:372,3
DA:374,1
DA:375,1
DA:376,1
DA:385,5
DA:386,3
DA:388,1
DA:389,1
DA:390,1
DA:399,5
DA:400,3
DA:402,1
DA:403,1
DA:404,1
DA:413,9
DA:414,7
DA:416,5
DA:418,3
DA:420,1
DA:421,1
DA:422,1
DA:431,3
DA:432,1
DA:433,1
DA:443,3
DA:452,1
DA:461,1
DA:469,2
DA:470,2
DA:478,192
DA:480,190
DA:491,186
DA:502,500
DA:512,11
DA:522,3
DA:529,1
DA:536,2
DA:543,2
DA:550,2
DA:557,4
DA:564,1
DA:572,3
DA:579,1
DA:590,39
DA:599,207
DA:600,207
DA:609,1817
DA:618,924
DA:627,298
DA:637,4754
DA:646,60
DA:655,961
DA:656,1
DA:658,960
DA:668,3330
DA:669,38
DA:671,3292
DA:680,460
DA:692,1825
DA:693,1825
DA:694,877
DA:697,948
DA:698,948
DA:699,948
DA:702,948
DA:703,7
DA:704,5
DA:706,2
DA:710,948
DA:711,121
DA:718,827
DA:723,279
DA:727,827
DA:736,478
DA:737,478
DA:740,478
DA:741,7
DA:748,51
DA:749,51
DA:754,420
DA:765,384
DA:768,383
DA:769,383
DA:770,7
DA:774,376
DA:775,182
DA:781,194
DA:782,194
DA:785,194
DA:788,194
DA:789,1
DA:792,193
DA:801,538
DA:802,242
DA:808,296
DA:819,934
DA:820,934
DA:821,6
DA:823,928
DA:833,634
DA:834,630
DA:836,630
DA:837,630
DA:851,512
DA:856,496
DA:857,496
DA:858,496
DA:859,496
DA:860,496
DA:863,496
DA:865,494
DA:866,494
DA:867,494
DA:868,490
DA:869,490
DA:873,2
DA:874,2
DA:878,492
DA:881,492
DA:882,236
DA:883,236
DA:884,191
DA:885,191
DA:891,492
DA:894,63
DA:895,63
DA:896,63
DA:900,492
DA:901,31
DA:902,31
DA:903,31
DA:917,262
DA:922,492
DA:923,8
DA:937,43
DA:940,37
DA:943,37
DA:944,37
DA:945,37
DA:946,37
DA:955,22
DA:956,22
DA:957,2
DA:961,20
DA:962,20
DA:963,20
DA:964,20
DA:965,20
DA:966,20
DA:975,50
DA:981,50
DA:982,45
DA:985,5
DA:986,5
DA:987,5
DA:988,5
DA:989,5
DA:1000,2162
DA:1006,105
DA:1008,2057
DA:1020,54
DA:1021,54
DA:1025,54
DA:1028,54
DA:1029,54
DA:1030,54
DA:1036,54
DA:1037,54
DA:1038,54
DA:1039,54
DA:1040,54
DA:1043,54
DA:1044,53
DA:1045,53
DA:1063,1159
DA:1065,38
DA:1069,1159
DA:1070,44
DA:1071,44
DA:1072,44
DA:1073,44
DA:1078,1159
DA:1087,295
DA:1088,1
DA:1098,512
DA:1099,512
DA:1100,510
DA:1103,508
DA:1104,6
DA:1109,506
DA:1110,4
DA:1116,504
DA:1117,12
DA:1122,500
DA:1123,9
DA:1140,39
DA:1147,39
DA:1148,39
DA:1149,39
DA:1152,39
DA:1153,38
DA:1154,38
DA:1155,38
DA:1156,37
DA:1158,1
DA:1159,1
DA:1161,38
DA:1172,105
DA:1173,105
DA:1174,43
DA:1176,62
DA:1191,162
DA:1192,162
DA:1196,162
DA:1197,12
DA:1199,150
LF:276
LH:276
BRDA:170,1,0,39
BRDA:170,1,1,8
BRDA:185,2,0,7
BRDA:185,2,1,500
BRDA:278,3,0,44
BRDA:278,3,1,8
BRDA:283,4,0,1
BRDA:283,4,1,43
BRDA:286,5,0,1
BRDA:286,5,1,42
BRDA:314,6,0,1
BRDA:314,6,1,6
BRDA:330,7,0,28
BRDA:330,7,1,4
BRDA:331,8,0,24
BRDA:331,8,1,4
BRDA:335,9,0,6
BRDA:335,9,1,18
BRDA:337,10,0,4
BRDA:337,10,1,2
BRDA:338,11,0,8
BRDA:338,11,1,10
BRDA:346,12,0,8
BRDA:346,12,1,2
BRDA:349,13,0,6
BRDA:349,13,1,2
BRDA:359,14,0,1
BRDA:359,14,1,2
BRDA:371,15,0,3
BRDA:371,15,1,2
BRDA:372,16,0,1
BRDA:372,16,1,2
BRDA:385,17,0,3
BRDA:385,17,1,2
BRDA:386,18,0,1
BRDA:386,18,1,2
BRDA:399,19,0,3
BRDA:399,19,1,2
BRDA:400,20,0,1
BRDA:400,20,1,2
BRDA:413,21,0,7
BRDA:413,21,1,2
BRDA:414,22,0,5
BRDA:414,22,1,2
BRDA:416,23,0,3
BRDA:416,23,1,2
BRDA:418,24,0,1
BRDA:418,24,1,2
BRDA:431,25,0,1
BRDA:431,25,1,2
BRDA:478,26,0,190
BRDA:478,26,1,2
BRDA:655,27,0,1
BRDA:655,27,1,960
BRDA:668,28,0,38
BRDA:668,28,1,3292
BRDA:693,29,0,877
BRDA:693,29,1,948
BRDA:702,30,0,7
BRDA:702,30,1,941
BRDA:703,31,0,5
BRDA:703,31,1,2
BRDA:710,32,0,121
BRDA:710,32,1,827
BRDA:718,33,0,279
BRDA:718,33,1,548
BRDA:740,34,0,7
BRDA:740,34,1,471
BRDA:745,35,0,51
BRDA:745,35,1,420
BRDA:765,36,0,383
BRDA:765,36,1,1
BRDA:769,37,0,7
BRDA:769,37,1,376
BRDA:774,38,0,182
BRDA:774,38,1,194
BRDA:788,39,0,1
BRDA:788,39,1,193
BRDA:801,40,0,242
BRDA:801,40,1,296
BRDA:820,41,0,6
BRDA:820,41,1,928
BRDA:833,42,0,630
BRDA:833,42,1,4
BRDA:834,43,0,630
BRDA:834,43,1,0
BRDA:863,44,0,494
BRDA:863,44,1,2
BRDA:881,45,0,236
BRDA:881,45,1,256
BRDA:883,46,0,191
BRDA:883,46,1,45
BRDA:891,47,0,63
BRDA:891,47,1,429
BRDA:900,48,0,31
BRDA:900,48,1,461
BRDA:904,49,0,262
BRDA:904,49,1,199
BRDA:922,50,0,8
BRDA:922,50,1,484
BRDA:937,51,0,37
BRDA:937,51,1,6
BRDA:940,52,0,37
BRDA:940,52,1,0
BRDA:956,53,0,2
BRDA:956,53,1,20
BRDA:981,54,0,45
BRDA:981,54,1,5
BRDA:1000,55,0,105
BRDA:1000,55,1,2057
BRDA:1025,56,0,54
BRDA:1025,56,1,0
BRDA:1043,57,0,53
BRDA:1043,57,1,1
BRDA:1063,58,0,38
BRDA:1063,58,1,1121
BRDA:1069,59,0,44
BRDA:1069,59,1,1115
BRDA:1087,60,0,1
BRDA:1087,60,1,294
BRDA:1098,61,0,512
BRDA:1098,61,1,0
BRDA:1099,62,0,510
BRDA:1099,62,1,2
BRDA:1100,63,0,508
BRDA:1100,63,1,2
BRDA:1103,64,0,6
BRDA:1103,64,1,502
BRDA:1104,65,0,4
BRDA:1104,65,1,2
BRDA:1109,66,0,4
BRDA:1109,66,1,502
BRDA:1110,67,0,2
BRDA:1110,67,1,2
BRDA:1116,68,0,12
BRDA:1116,68,1,492
BRDA:1117,69,0,8
BRDA:1117,69,1,4
BRDA:1122,70,0,9
BRDA:1122,70,1,491
BRDA:1123,71,0,5
BRDA:1123,71,1,4
BRDA:1152,72,0,38
BRDA:1152,72,1,1
BRDA:1173,73,0,43
BRDA:1173,73,1,62
BRDA:1196,74,0,12
BRDA:1196,74,1,150
BRF:148
BRH:144
end_of_record
TN:
SF:/home/conor/cache-contract/contracts/LockedGoldOracle.sol
FN:20,setCacheContract
FN:24,lockAmount
FN:32,unlockAmount
FN:38,lockedGold
FN:42,cacheContract
FNF:5
FNH:5
FNDA:39,setCacheContract
FNDA:40,lockAmount
FNDA:8,unlockAmount
FNDA:58,lockedGold
FNDA:1,cacheContract
DA:21,39
DA:25,40
DA:26,40
DA:33,8
DA:34,6
DA:35,4
DA:39,58
DA:43,1
LF:8
LH:8
BRDA:34,1,0,4
BRDA:34,1,1,2
BRF:2
BRH:2
end_of_record
